This file contains any messages produced by compilers while
running configure, to aid debugging if configure makes a mistake.

It was created by bluez configure 5.66, which was
generated by GNU Autoconf 2.71.  Invocation command line was

  $ ./configure --prefix=/usr --mandir=/usr/share/man --sysconfdir=/etc --localstatedir=/var --enable-experimental

## --------- ##
## Platform. ##
## --------- ##

hostname = pi0-3
uname -m = armv6l
uname -r = 5.10.103+
uname -s = Linux
uname -v = #1529 Tue Mar 8 12:19:18 GMT 2022

/usr/bin/uname -p = unknown
/bin/uname -X     = unknown

/bin/arch              = armv6l
/usr/bin/arch -k       = unknown
/usr/convex/getsysinfo = unknown
/usr/bin/hostinfo      = unknown
/bin/machine           = unknown
/usr/bin/oslevel       = unknown
/bin/universe          = unknown

PATH: /usr/local/sbin/
PATH: /usr/local/bin/
PATH: /usr/sbin/
PATH: /usr/bin/
PATH: /sbin/
PATH: /bin/
PATH: /usr/local/games/
PATH: /usr/games/


## ----------- ##
## Core tests. ##
## ----------- ##

configure:2656: looking for aux files: config.guess config.sub ltmain.sh compile missing install-sh
configure:2669:  trying ./
configure:2698:   ./config.guess found
configure:2698:   ./config.sub found
configure:2698:   ./ltmain.sh found
configure:2698:   ./compile found
configure:2698:   ./missing found
configure:2680:   ./install-sh found
configure:2828: checking for a BSD-compatible install
configure:2901: result: /usr/bin/install -c
configure:2912: checking whether build environment is sane
configure:2967: result: yes
configure:3124: checking for a race-free mkdir -p
configure:3168: result: /usr/bin/mkdir -p
configure:3175: checking for gawk
configure:3196: found /usr/bin/gawk
configure:3207: result: gawk
configure:3218: checking whether make sets $(MAKE)
configure:3241: result: yes
configure:3271: checking whether make supports nested variables
configure:3289: result: yes
configure:3364: checking how to create a pax tar archive
configure:3375: tar --version
tar (GNU tar) 1.30
Copyright (C) 2017 Free Software Foundation, Inc.
License GPLv3+: GNU GPL version 3 or later <https://gnu.org/licenses/gpl.html>.
This is free software: you are free to change and redistribute it.
There is NO WARRANTY, to the extent permitted by law.

Written by John Gilmore and Jay Fenlason.
configure:3378: $? = 0
configure:3418: tardir=conftest.dir && eval tar --format=posix -chf - "$tardir" >conftest.tar
configure:3421: $? = 0
configure:3425: tar -xf - <conftest.tar
configure:3428: $? = 0
configure:3430: cat conftest.dir/file
GrepMe
configure:3433: $? = 0
configure:3447: result: gnutar
configure:3526: checking whether make supports nested variables
configure:3544: result: yes
configure:3557: checking whether to enable maintainer-specific portions of Makefiles
configure:3567: result: no
configure:3642: checking for pkg-config
configure:3665: found /usr/bin/pkg-config
configure:3677: result: /usr/bin/pkg-config
configure:3702: checking pkg-config is at least version 0.9.0
configure:3705: result: yes
configure:3754: checking whether make supports the include directive
configure:3769: make -f confmf.GNU && cat confinc.out
this is the am__doit target
configure:3772: $? = 0
configure:3791: result: yes (GNU style)
configure:3867: checking for gcc
configure:3888: found /usr/bin/gcc
configure:3899: result: gcc
configure:4252: checking for C compiler version
configure:4261: gcc --version >&5
gcc (Raspbian 8.3.0-6+rpi1) 8.3.0
Copyright (C) 2018 Free Software Foundation, Inc.
This is free software; see the source for copying conditions.  There is NO
warranty; not even for MERCHANTABILITY or FITNESS FOR A PARTICULAR PURPOSE.

configure:4272: $? = 0
configure:4261: gcc -v >&5
Using built-in specs.
COLLECT_GCC=gcc
COLLECT_LTO_WRAPPER=/usr/lib/gcc/arm-linux-gnueabihf/8/lto-wrapper
Target: arm-linux-gnueabihf
Configured with: ../src/configure -v --with-pkgversion='Raspbian 8.3.0-6+rpi1' --with-bugurl=file:///usr/share/doc/gcc-8/README.Bugs --enable-languages=c,ada,c++,go,d,fortran,objc,obj-c++ --prefix=/usr --with-gcc-major-version-only --program-suffix=-8 --program-prefix=arm-linux-gnueabihf- --enable-shared --enable-linker-build-id --libexecdir=/usr/lib --without-included-gettext --enable-threads=posix --libdir=/usr/lib --enable-nls --enable-bootstrap --enable-clocale=gnu --enable-libstdcxx-debug --enable-libstdcxx-time=yes --with-default-libstdcxx-abi=new --enable-gnu-unique-object --disable-libitm --disable-libquadmath --disable-libquadmath-support --enable-plugin --with-system-zlib --with-target-system-zlib --enable-objc-gc=auto --enable-multiarch --disable-sjlj-exceptions --with-arch=armv6 --with-fpu=vfp --with-float=hard --disable-werror --enable-checking=release --build=arm-linux-gnueabihf --host=arm-linux-gnueabihf --target=arm-linux-gnueabihf
Thread model: posix
gcc version 8.3.0 (Raspbian 8.3.0-6+rpi1) 
configure:4272: $? = 0
configure:4261: gcc -V >&5
gcc: error: unrecognized command line option '-V'
gcc: fatal error: no input files
compilation terminated.
configure:4272: $? = 1
configure:4261: gcc -qversion >&5
gcc: error: unrecognized command line option '-qversion'; did you mean '--version'?
gcc: fatal error: no input files
compilation terminated.
configure:4272: $? = 1
configure:4261: gcc -version >&5
gcc: error: unrecognized command line option '-version'
gcc: fatal error: no input files
compilation terminated.
configure:4272: $? = 1
configure:4292: checking whether the C compiler works
configure:4314: gcc    conftest.c  >&5
configure:4318: $? = 0
configure:4368: result: yes
configure:4371: checking for C compiler default output file name
configure:4373: result: a.out
configure:4379: checking for suffix of executables
configure:4386: gcc -o conftest    conftest.c  >&5
configure:4390: $? = 0
configure:4413: result: 
configure:4435: checking whether we are cross compiling
configure:4443: gcc -o conftest    conftest.c  >&5
configure:4447: $? = 0
configure:4454: ./conftest
configure:4458: $? = 0
configure:4446: result: no
configure:4451: checking for suffix of object files
configure:4474: gcc -c   conftest.c >&5
configure:4478: $? = 0
configure:4500: result: o
configure:4504: checking whether the compiler supports GNU C
configure:4524: gcc -c   conftest.c >&5
configure:4524: $? = 0
configure:4534: result: yes
configure:4545: checking whether gcc accepts -g
configure:4566: gcc -c -g  conftest.c >&5
configure:4566: $? = 0
configure:4610: result: yes
configure:4630: checking for gcc option to enable C11 features
configure:4645: gcc  -c -g -O2  conftest.c >&5
configure:4645: $? = 0
configure:4663: result: none needed
configure:4779: checking whether gcc understands -c and -o together
configure:4802: gcc -c conftest.c -o conftest2.o
configure:4805: $? = 0
configure:4802: gcc -c conftest.c -o conftest2.o
configure:4805: $? = 0
configure:4817: result: yes
configure:4836: checking dependency style of gcc
configure:4948: result: gcc3
configure:4964: checking for C/C++ restrict keyword
configure:4994: gcc -c -g -O2  conftest.c >&5
configure:4994: $? = 0
configure:5003: result: __restrict__
configure:5068: checking for gcc
configure:5100: result: gcc
configure:5453: checking for C compiler version
configure:5462: gcc --version >&5
gcc (Raspbian 8.3.0-6+rpi1) 8.3.0
Copyright (C) 2018 Free Software Foundation, Inc.
This is free software; see the source for copying conditions.  There is NO
warranty; not even for MERCHANTABILITY or FITNESS FOR A PARTICULAR PURPOSE.

configure:5473: $? = 0
configure:5462: gcc -v >&5
Using built-in specs.
COLLECT_GCC=gcc
COLLECT_LTO_WRAPPER=/usr/lib/gcc/arm-linux-gnueabihf/8/lto-wrapper
Target: arm-linux-gnueabihf
Configured with: ../src/configure -v --with-pkgversion='Raspbian 8.3.0-6+rpi1' --with-bugurl=file:///usr/share/doc/gcc-8/README.Bugs --enable-languages=c,ada,c++,go,d,fortran,objc,obj-c++ --prefix=/usr --with-gcc-major-version-only --program-suffix=-8 --program-prefix=arm-linux-gnueabihf- --enable-shared --enable-linker-build-id --libexecdir=/usr/lib --without-included-gettext --enable-threads=posix --libdir=/usr/lib --enable-nls --enable-bootstrap --enable-clocale=gnu --enable-libstdcxx-debug --enable-libstdcxx-time=yes --with-default-libstdcxx-abi=new --enable-gnu-unique-object --disable-libitm --disable-libquadmath --disable-libquadmath-support --enable-plugin --with-system-zlib --with-target-system-zlib --enable-objc-gc=auto --enable-multiarch --disable-sjlj-exceptions --with-arch=armv6 --with-fpu=vfp --with-float=hard --disable-werror --enable-checking=release --build=arm-linux-gnueabihf --host=arm-linux-gnueabihf --target=arm-linux-gnueabihf
Thread model: posix
gcc version 8.3.0 (Raspbian 8.3.0-6+rpi1) 
configure:5473: $? = 0
configure:5462: gcc -V >&5
gcc: error: unrecognized command line option '-V'
gcc: fatal error: no input files
compilation terminated.
configure:5473: $? = 1
configure:5462: gcc -qversion >&5
gcc: error: unrecognized command line option '-qversion'; did you mean '--version'?
gcc: fatal error: no input files
compilation terminated.
configure:5473: $? = 1
configure:5462: gcc -version >&5
gcc: error: unrecognized command line option '-version'
gcc: fatal error: no input files
compilation terminated.
configure:5473: $? = 1
configure:5477: checking whether the compiler supports GNU C
configure:5507: result: yes
configure:5518: checking whether gcc accepts -g
configure:5583: result: yes
configure:5603: checking for gcc option to enable C11 features
configure:5636: result: none needed
configure:5752: checking whether gcc understands -c and -o together
configure:5790: result: yes
configure:5809: checking dependency style of gcc
configure:5921: result: gcc3
configure:5938: checking whether gcc accepts -fPIE
configure:5954: result: yes
configure:5958: checking whether gcc accepts -fsanitize=address
configure:5974: result: yes
configure:5978: checking whether gcc accepts -fsanitize=leak
configure:5994: result: yes
configure:5998: checking whether gcc accepts -fsanitize=undefined
configure:6014: result: yes
configure:6087: checking build system type
configure:6102: result: armv6l-unknown-linux-gnueabihf
configure:6122: checking host system type
configure:6136: result: armv6l-unknown-linux-gnueabihf
configure:6177: checking how to print strings
configure:6204: result: printf
configure:6225: checking for a sed that does not truncate output
configure:6295: result: /usr/bin/sed
configure:6313: checking for grep that handles long lines and -e
configure:6377: result: /usr/bin/grep
configure:6382: checking for egrep
configure:6450: result: /usr/bin/grep -E
configure:6455: checking for fgrep
configure:6523: result: /usr/bin/grep -F
configure:6559: checking for ld used by gcc
configure:6627: result: /usr/bin/ld
configure:6634: checking if the linker (/usr/bin/ld) is GNU ld
configure:6650: result: yes
configure:6662: checking for BSD- or MS-compatible name lister (nm)
configure:6717: result: /usr/bin/nm -B
configure:6857: checking the name lister (/usr/bin/nm -B) interface
configure:6865: gcc -c -g -O2  conftest.c >&5
configure:6868: /usr/bin/nm -B "conftest.o"
configure:6871: output
00000000 B some_variable
configure:6872: result: BSD nm
configure:6875: checking whether ln -s works
configure:6879: result: yes
configure:6887: checking the maximum length of command line arguments
configure:7019: result: 1572864
configure:7067: checking how to convert armv6l-unknown-linux-gnueabihf file names to armv6l-unknown-linux-gnueabihf format
configure:7108: result: func_convert_file_noop
configure:7115: checking how to convert armv6l-unknown-linux-gnueabihf file names to toolchain format
configure:7136: result: func_convert_file_noop
configure:7143: checking for /usr/bin/ld option to reload object files
configure:7151: result: -r
configure:7230: checking for file
configure:7251: found /usr/bin/file
configure:7262: result: file
configure:7338: checking for objdump
configure:7359: found /usr/bin/objdump
configure:7370: result: objdump
configure:7402: checking how to recognize dependent libraries
configure:7603: result: pass_all
configure:7693: checking for dlltool
configure:7728: result: no
configure:7758: checking how to associate runtime and link libraries
configure:7786: result: printf %s\n
configure:7851: checking for ar
configure:7872: found /usr/bin/ar
configure:7883: result: ar
configure:7936: checking for archiver @FILE support
configure:7954: gcc -c -g -O2  conftest.c >&5
configure:7954: $? = 0
configure:7958: ar cr libconftest.a @conftest.lst >&5
configure:7961: $? = 0
configure:7966: ar cr libconftest.a @conftest.lst >&5
ar: conftest.o: No such file or directory
configure:7969: $? = 1
configure:7968: result: @
configure:8031: checking for strip
configure:8052: found /usr/bin/strip
configure:8063: result: strip
configure:8140: checking for ranlib
configure:8161: found /usr/bin/ranlib
configure:8172: result: ranlib
configure:8274: checking command to parse /usr/bin/nm -B output from gcc object
configure:8428: gcc -c -g -O2  conftest.c >&5
configure:8431: $? = 0
configure:8435: /usr/bin/nm -B conftest.o | /usr/bin/sed -n -e 's/^.*[	 ]\([ABCDGIRSTW][ABCDGIRSTW]*\)[	 ][	 ]*\([_A-Za-z][_A-Za-z0-9]*\)$/\1 \2 \2/p' | /usr/bin/sed '/ __gnu_lto/d' > conftest.nm
configure:8501: gcc -o conftest -g -O2   conftest.c conftstm.o >&5
configure:8504: $? = 0
configure:8542: result: ok
configure:8589: checking for sysroot
configure:8620: result: no
configure:8627: checking for a working dd
configure:8671: result: /usr/bin/dd
configure:8675: checking how to truncate binary pipes
configure:8691: result: /usr/bin/dd bs=4096 count=1
configure:9028: checking for mt
configure:9049: found /usr/bin/mt
configure:9060: result: mt
configure:9083: checking if mt is a manifest tool
configure:9090: mt '-?'
configure:9098: result: no
configure:9823: checking for stdio.h
configure:9823: gcc -c -g -O2  conftest.c >&5
configure:9823: $? = 0
configure:9823: result: yes
configure:9823: checking for stdlib.h
configure:9823: gcc -c -g -O2  conftest.c >&5
configure:9823: $? = 0
configure:9823: result: yes
configure:9823: checking for string.h
configure:9823: gcc -c -g -O2  conftest.c >&5
configure:9823: $? = 0
configure:9823: result: yes
configure:9823: checking for inttypes.h
configure:9823: gcc -c -g -O2  conftest.c >&5
configure:9823: $? = 0
configure:9823: result: yes
configure:9823: checking for stdint.h
configure:9823: gcc -c -g -O2  conftest.c >&5
configure:9823: $? = 0
configure:9823: result: yes
configure:9823: checking for strings.h
configure:9823: gcc -c -g -O2  conftest.c >&5
configure:9823: $? = 0
configure:9823: result: yes
configure:9823: checking for sys/stat.h
configure:9823: gcc -c -g -O2  conftest.c >&5
configure:9823: $? = 0
configure:9823: result: yes
configure:9823: checking for sys/types.h
configure:9823: gcc -c -g -O2  conftest.c >&5
configure:9823: $? = 0
configure:9823: result: yes
configure:9823: checking for unistd.h
configure:9823: gcc -c -g -O2  conftest.c >&5
configure:9823: $? = 0
configure:9823: result: yes
configure:9848: checking for dlfcn.h
configure:9848: gcc -c -g -O2  conftest.c >&5
configure:9848: $? = 0
configure:9848: result: yes
configure:10076: checking for objdir
configure:10092: result: .libs
configure:10352: checking if gcc supports -fno-rtti -fno-exceptions
configure:10371: gcc -c -g -O2  -fno-rtti -fno-exceptions conftest.c >&5
cc1: warning: command line option '-fno-rtti' is valid for C++/ObjC++ but not for C
configure:10375: $? = 0
configure:10388: result: no
configure:10752: checking for gcc option to produce PIC
configure:10760: result: -fPIC -DPIC
configure:10768: checking if gcc PIC flag -fPIC -DPIC works
configure:10787: gcc -c -g -O2  -fPIC -DPIC -DPIC conftest.c >&5
configure:10791: $? = 0
configure:10804: result: yes
configure:10833: checking if gcc static flag -static works
configure:10862: result: yes
configure:10877: checking if gcc supports -c -o file.o
configure:10899: gcc -c -g -O2  -o out/conftest2.o conftest.c >&5
configure:10903: $? = 0
configure:10925: result: yes
configure:10933: checking if gcc supports -c -o file.o
configure:10981: result: yes
configure:11014: checking whether the gcc linker (/usr/bin/ld) supports shared libraries
configure:12288: result: yes
configure:12325: checking whether -lc should be explicitly linked in
configure:12334: gcc -c -g -O2  conftest.c >&5
configure:12337: $? = 0
configure:12352: gcc -shared  -fPIC -DPIC conftest.o  -v -Wl,-soname -Wl,conftest -o conftest 2\>\&1 \| /usr/bin/grep  -lc  \>/dev/null 2\>\&1
configure:12355: $? = 0
configure:12369: result: no
configure:12529: checking dynamic linker characteristics
configure:13111: gcc -o conftest -g -O2   -Wl,-rpath -Wl,/foo conftest.c  >&5
configure:13111: $? = 0
configure:13362: result: GNU/Linux ld.so
configure:13484: checking how to hardcode library paths into programs
configure:13509: result: immediate
configure:14061: checking whether stripping libraries is possible
configure:14070: result: yes
configure:14112: checking if libtool supports shared libraries
configure:14114: result: yes
configure:14117: checking whether to build shared libraries
configure:14142: result: yes
configure:14145: checking whether to build static libraries
configure:14149: result: no
configure:11326: checking for explicit_bzero
configure:11326: gcc -o conftest -g -O2   conftest.c  >&5
configure:11326: $? = 0
configure:11326: result: yes
configure:11334: checking for getrandom
configure:11334: gcc -o conftest -g -O2   conftest.c  >&5
configure:11334: $? = 0
configure:11334: result: yes
configure:11342: checking for rawmemchr
configure:11342: gcc -o conftest -g -O2   conftest.c  >&5
configure:11342: $? = 0
configure:11342: result: yes
configure:11350: checking for signalfd
configure:11350: gcc -o conftest -g -O2   conftest.c  >&5
configure:11350: $? = 0
configure:11350: result: yes
configure:11359: checking for clock_gettime in -lrt
configure:11382: gcc -o conftest -g -O2   conftest.c -lrt   >&5
configure:11382: $? = 0
configure:11392: result: yes
configure:11402: checking for pthread_create in -lpthread
configure:11425: gcc -o conftest -g -O2   conftest.c -lpthread   >&5
configure:11425: $? = 0
configure:11435: result: yes
configure:11445: checking for dlopen in -ldl
configure:11468: gcc -o conftest -g -O2   conftest.c -ldl   >&5
configure:11468: $? = 0
configure:11478: result: yes
configure:11488: checking for linux/types.h
configure:11488: gcc -c -g -O2  conftest.c >&5
configure:11488: $? = 0
configure:11488: result: yes
configure:11494: checking for linux/if_alg.h
configure:11494: gcc -c -g -O2  conftest.c >&5
configure:11494: $? = 0
configure:11494: result: yes
configure:11500: checking for linux/uinput.h
configure:11500: gcc -c -g -O2  conftest.c >&5
configure:11500: $? = 0
configure:11500: result: yes
configure:11506: checking for linux/uhid.h
configure:11506: gcc -c -g -O2  conftest.c >&5
configure:11506: $? = 0
configure:11506: result: yes
configure:11512: checking for sys/random.h
configure:11512: gcc -c -g -O2  conftest.c >&5
configure:11512: $? = 0
configure:11512: result: yes
configure:11522: checking for glib-2.0 >= 2.28
configure:11529: $PKG_CONFIG --exists --print-errors "glib-2.0 >= 2.28"
configure:11532: $? = 0
configure:11546: $PKG_CONFIG --exists --print-errors "glib-2.0 >= 2.28"
configure:11549: $? = 0
configure:11587: result: yes
configure:11675: checking for dbus-1 >= 1.6
configure:11682: $PKG_CONFIG --exists --print-errors "dbus-1 >= 1.6"
configure:11685: $? = 0
configure:11699: $PKG_CONFIG --exists --print-errors "dbus-1 >= 1.6"
configure:11702: $? = 0
configure:11740: result: yes
configure:11755: checking D-Bus configuration directory
configure:11761: result: /etc
configure:11775: checking D-Bus system bus services dir
configure:11781: result: /usr/share/dbus-1/system-services
configure:11795: checking D-Bus session bus services dir
configure:11801: result: /usr/share/dbus-1/services
configure:11819: result: ${prefix}/share/zsh/site-functions
configure:12092: checking for libudev >= 172
configure:12099: $PKG_CONFIG --exists --print-errors "libudev >= 172"
configure:12102: $? = 0
configure:12116: $PKG_CONFIG --exists --print-errors "libudev >= 172"
configure:12119: $? = 0
configure:12157: result: yes
configure:12163: checking for udev_hwdb_new in -ludev
configure:12186: gcc -o conftest -g -O2   conftest.c -ludev   >&5
configure:12186: $? = 0
configure:12196: result: yes
configure:12223: checking udev directory
configure:12229: result: /lib/udev
configure:12441: checking for libical
configure:12448: $PKG_CONFIG --exists --print-errors "libical"
configure:12451: $? = 0
configure:12465: $PKG_CONFIG --exists --print-errors "libical"
configure:12468: $? = 0
configure:12506: result: yes
configure:12656: checking for readline/readline.h
configure:12656: gcc -c -g -O2  conftest.c >&5
configure:12656: $? = 0
configure:12656: result: yes
configure:12699: checking systemd system unit dir
configure:12705: result: /lib/systemd/system
configure:12719: checking systemd user unit dir
configure:12725: result: /usr/lib/systemd/user
configure:12757: checking for rst2man
configure:12778: found /usr/bin/rst2man
configure:12789: result: rst2man
configure:13401: checking that generated files are newer than configure
configure:13407: result: done
configure:13602: creating ./config.status

## ---------------------- ##
## Running config.status. ##
## ---------------------- ##

This file was extended by bluez config.status 5.66, which was
generated by GNU Autoconf 2.71.  Invocation command line was

  CONFIG_FILES    = 
  CONFIG_HEADERS  = 
  CONFIG_LINKS    = 
  CONFIG_COMMANDS = 
  $ ./config.status 

on pi0-3

config.status:1230: creating Makefile
config.status:1230: creating src/bluetoothd.rst
config.status:1230: creating lib/bluez.pc
config.status:1230: creating mesh/bluetooth-meshd.rst
config.status:1230: creating config.h
config.status:1411: config.h is unchanged
config.status:1459: executing depfiles commands
config.status:1536: cd .       && sed -e '/# am--include-marker/d' Makefile         | make -f - am--depfiles
make: Nothing to be done for 'am--depfiles'.
config.status:1541: $? = 0
config.status:1459: executing libtool commands

## ---------------- ##
## Cache variables. ##
## ---------------- ##

ac_cv_build=armv6l-unknown-linux-gnueabihf
ac_cv_c_compiler_gnu=yes
ac_cv_c_restrict=__restrict__
ac_cv_env_ALSA_CFLAGS_set=
ac_cv_env_ALSA_CFLAGS_value=
ac_cv_env_ALSA_LIBS_set=
ac_cv_env_ALSA_LIBS_value=
ac_cv_env_CC_set=
ac_cv_env_CC_value=
ac_cv_env_CFLAGS_set=
ac_cv_env_CFLAGS_value=
ac_cv_env_CPPFLAGS_set=
ac_cv_env_CPPFLAGS_value=
ac_cv_env_DBUS_CFLAGS_set=
ac_cv_env_DBUS_CFLAGS_value=
ac_cv_env_DBUS_LIBS_set=
ac_cv_env_DBUS_LIBS_value=
ac_cv_env_ELL_CFLAGS_set=
ac_cv_env_ELL_CFLAGS_value=
ac_cv_env_ELL_LIBS_set=
ac_cv_env_ELL_LIBS_value=
ac_cv_env_GLIB_CFLAGS_set=
ac_cv_env_GLIB_CFLAGS_value=
ac_cv_env_GLIB_LIBS_set=
ac_cv_env_GLIB_LIBS_value=
ac_cv_env_GTHREAD_CFLAGS_set=
ac_cv_env_GTHREAD_CFLAGS_value=
ac_cv_env_GTHREAD_LIBS_set=
ac_cv_env_GTHREAD_LIBS_value=
ac_cv_env_ICAL_CFLAGS_set=
ac_cv_env_ICAL_CFLAGS_value=
ac_cv_env_ICAL_LIBS_set=
ac_cv_env_ICAL_LIBS_value=
ac_cv_env_JSONC_CFLAGS_set=
ac_cv_env_JSONC_CFLAGS_value=
ac_cv_env_JSONC_LIBS_set=
ac_cv_env_JSONC_LIBS_value=
ac_cv_env_LDFLAGS_set=
ac_cv_env_LDFLAGS_value=
ac_cv_env_LIBEBOOK_CFLAGS_set=
ac_cv_env_LIBEBOOK_CFLAGS_value=
ac_cv_env_LIBEBOOK_LIBS_set=
ac_cv_env_LIBEBOOK_LIBS_value=
ac_cv_env_LIBEDATESERVER_CFLAGS_set=
ac_cv_env_LIBEDATESERVER_CFLAGS_value=
ac_cv_env_LIBEDATESERVER_LIBS_set=
ac_cv_env_LIBEDATESERVER_LIBS_value=
ac_cv_env_LIBS_set=
ac_cv_env_LIBS_value=
ac_cv_env_LT_SYS_LIBRARY_PATH_set=
ac_cv_env_LT_SYS_LIBRARY_PATH_value=
ac_cv_env_PKG_CONFIG_LIBDIR_set=
ac_cv_env_PKG_CONFIG_LIBDIR_value=
ac_cv_env_PKG_CONFIG_PATH_set=
ac_cv_env_PKG_CONFIG_PATH_value=
ac_cv_env_PKG_CONFIG_set=
ac_cv_env_PKG_CONFIG_value=
ac_cv_env_SBC_CFLAGS_set=
ac_cv_env_SBC_CFLAGS_value=
ac_cv_env_SBC_LIBS_set=
ac_cv_env_SBC_LIBS_value=
ac_cv_env_SPEEXDSP_CFLAGS_set=
ac_cv_env_SPEEXDSP_CFLAGS_value=
ac_cv_env_SPEEXDSP_LIBS_set=
ac_cv_env_SPEEXDSP_LIBS_value=
ac_cv_env_UDEV_CFLAGS_set=
ac_cv_env_UDEV_CFLAGS_value=
ac_cv_env_UDEV_LIBS_set=
ac_cv_env_UDEV_LIBS_value=
ac_cv_env_build_alias_set=
ac_cv_env_build_alias_value=
ac_cv_env_host_alias_set=
ac_cv_env_host_alias_value=
ac_cv_env_target_alias_set=
ac_cv_env_target_alias_value=
ac_cv_func_explicit_bzero=yes
ac_cv_func_getrandom=yes
ac_cv_func_rawmemchr=yes
ac_cv_func_signalfd=yes
ac_cv_header_dlfcn_h=yes
ac_cv_header_inttypes_h=yes
ac_cv_header_linux_if_alg_h=yes
ac_cv_header_linux_types_h=yes
ac_cv_header_linux_uhid_h=yes
ac_cv_header_linux_uinput_h=yes
ac_cv_header_readline_readline_h=yes
ac_cv_header_stdint_h=yes
ac_cv_header_stdio_h=yes
ac_cv_header_stdlib_h=yes
ac_cv_header_string_h=yes
ac_cv_header_strings_h=yes
ac_cv_header_sys_random_h=yes
ac_cv_header_sys_stat_h=yes
ac_cv_header_sys_types_h=yes
ac_cv_header_unistd_h=yes
ac_cv_host=armv6l-unknown-linux-gnueabihf
ac_cv_lib_dl_dlopen=yes
ac_cv_lib_pthread_pthread_create=yes
ac_cv_lib_rt_clock_gettime=yes
ac_cv_lib_udev_udev_hwdb_new=yes
ac_cv_objext=o
ac_cv_path_EGREP='/usr/bin/grep -E'
ac_cv_path_FGREP='/usr/bin/grep -F'
ac_cv_path_GREP=/usr/bin/grep
ac_cv_path_SED=/usr/bin/sed
ac_cv_path_ac_pt_PKG_CONFIG=/usr/bin/pkg-config
ac_cv_path_install='/usr/bin/install -c'
ac_cv_path_lt_DD=/usr/bin/dd
ac_cv_path_mkdir=/usr/bin/mkdir
ac_cv_prog_AWK=gawk
ac_cv_prog_RST2MAN=rst2man
ac_cv_prog_ac_ct_AR=ar
ac_cv_prog_ac_ct_CC=gcc
ac_cv_prog_ac_ct_FILECMD=file
ac_cv_prog_ac_ct_MANIFEST_TOOL=mt
ac_cv_prog_ac_ct_OBJDUMP=objdump
ac_cv_prog_ac_ct_RANLIB=ranlib
ac_cv_prog_ac_ct_STRIP=strip
ac_cv_prog_cc_asan=yes
ac_cv_prog_cc_c11=
ac_cv_prog_cc_g=yes
ac_cv_prog_cc_lsan=yes
ac_cv_prog_cc_pie=yes
ac_cv_prog_cc_stdc=
ac_cv_prog_cc_ubsan=yes
ac_cv_prog_make_make_set=yes
am_cv_CC_dependencies_compiler_type=gcc3
am_cv_make_support_nested_variables=yes
am_cv_prog_cc_c_o=yes
am_cv_prog_tar_pax=gnutar
lt_cv_ar_at_file=@
lt_cv_archive_cmds_need_lc=no
lt_cv_deplibs_check_method=pass_all
lt_cv_file_magic_cmd='$MAGIC_CMD'
lt_cv_file_magic_test_file=
lt_cv_ld_reload_flag=-r
lt_cv_nm_interface='BSD nm'
lt_cv_objdir=.libs
lt_cv_path_LD=/usr/bin/ld
lt_cv_path_NM='/usr/bin/nm -B'
lt_cv_path_mainfest_tool=no
lt_cv_prog_compiler_c_o=yes
lt_cv_prog_compiler_pic='-fPIC -DPIC'
lt_cv_prog_compiler_pic_works=yes
lt_cv_prog_compiler_rtti_exceptions=no
lt_cv_prog_compiler_static_works=yes
lt_cv_prog_gnu_ld=yes
lt_cv_sharedlib_from_linklib_cmd='printf %s\n'
lt_cv_shlibpath_overrides_runpath=yes
lt_cv_sys_global_symbol_pipe='/usr/bin/sed -n -e '\''s/^.*[	 ]\([ABCDGIRSTW][ABCDGIRSTW]*\)[	 ][	 ]*\([_A-Za-z][_A-Za-z0-9]*\)$/\1 \2 \2/p'\'' | /usr/bin/sed '\''/ __gnu_lto/d'\'''
lt_cv_sys_global_symbol_to_c_name_address='/usr/bin/sed -n -e '\''s/^: \(.*\) .*$/  {"\1", (void *) 0},/p'\'' -e '\''s/^[ABCDGIRSTW][ABCDGIRSTW]* .* \(.*\)$/  {"\1", (void *) \&\1},/p'\'''
lt_cv_sys_global_symbol_to_c_name_address_lib_prefix='/usr/bin/sed -n -e '\''s/^: \(.*\) .*$/  {"\1", (void *) 0},/p'\'' -e '\''s/^[ABCDGIRSTW][ABCDGIRSTW]* .* \(lib.*\)$/  {"\1", (void *) \&\1},/p'\'' -e '\''s/^[ABCDGIRSTW][ABCDGIRSTW]* .* \(.*\)$/  {"lib\1", (void *) \&\1},/p'\'''
lt_cv_sys_global_symbol_to_cdecl='/usr/bin/sed -n -e '\''s/^T .* \(.*\)$/extern int \1();/p'\'' -e '\''s/^[ABCDGIRSTW][ABCDGIRSTW]* .* \(.*\)$/extern char \1;/p'\'''
lt_cv_sys_global_symbol_to_import=
lt_cv_sys_max_cmd_len=1572864
lt_cv_to_host_file_cmd=func_convert_file_noop
lt_cv_to_tool_file_cmd=func_convert_file_noop
lt_cv_truncate_bin='/usr/bin/dd bs=4096 count=1'
pkg_cv_DBUS_CFLAGS='-I/usr/include/dbus-1.0 -I/usr/lib/arm-linux-gnueabihf/dbus-1.0/include'
pkg_cv_DBUS_LIBS=-ldbus-1
pkg_cv_GLIB_CFLAGS='-I/usr/include/glib-2.0 -I/usr/lib/arm-linux-gnueabihf/glib-2.0/include'
pkg_cv_GLIB_LIBS=-lglib-2.0
pkg_cv_ICAL_CFLAGS=
pkg_cv_ICAL_LIBS='-lical -licalss -licalvcal'
pkg_cv_UDEV_CFLAGS=
pkg_cv_UDEV_LIBS=-ludev

## ----------------- ##
## Output variables. ##
## ----------------- ##

A2DP_FALSE='#'
A2DP_TRUE=''
ACLOCAL='${SHELL} '\''/home/pi/Downloads/bluez-5.66/missing'\'' aclocal-1.16'
ADMIN_FALSE=''
ADMIN_TRUE='#'
ALSA_CFLAGS=''
ALSA_LIBS=''
AMDEPBACKSLASH='\'
AMDEP_FALSE='#'
AMDEP_TRUE=''
AMTAR='$${TAR-tar}'
AM_BACKSLASH='\'
AM_DEFAULT_V='$(AM_DEFAULT_VERBOSITY)'
AM_DEFAULT_VERBOSITY='0'
AM_V='$(V)'
ANDROID_FALSE=''
ANDROID_TRUE='#'
AR='ar'
ASAN_LIB=''
AUTOCONF='${SHELL} '\''/home/pi/Downloads/bluez-5.66/missing'\'' autoconf'
AUTOHEADER='${SHELL} '\''/home/pi/Downloads/bluez-5.66/missing'\'' autoheader'
AUTOMAKE='${SHELL} '\''/home/pi/Downloads/bluez-5.66/missing'\'' automake-1.16'
AVRCP_FALSE='#'
AVRCP_TRUE=''
AWK='gawk'
BACKTRACE_CFLAGS=''
BACKTRACE_LIBS=''
BAP_FALSE='#'
BAP_TRUE=''
BTPCLIENT_FALSE=''
BTPCLIENT_TRUE='#'
CC='gcc'
CCDEPMODE='depmode=gcc3'
CFLAGS='-g -O2'
CLIENT_FALSE='#'
CLIENT_TRUE=''
CONFIGDIR='/etc/bluetooth'
COVERAGE_FALSE=''
COVERAGE_TRUE='#'
CPPFLAGS=''
CSCOPE='cscope'
CTAGS='ctags'
CUPS_FALSE='#'
CUPS_TRUE=''
CYGPATH_W='echo'
DATAFILES_FALSE='#'
DATAFILES_TRUE=''
DBUS_CFLAGS='-I/usr/include/dbus-1.0 -I/usr/lib/arm-linux-gnueabihf/dbus-1.0/include'
DBUS_CONFDIR='/etc'
DBUS_LIBS='-ldbus-1'
DBUS_RUN_SESSION_FALSE=''
DBUS_RUN_SESSION_TRUE='#'
DBUS_SESSIONBUSDIR='/usr/share/dbus-1/services'
DBUS_SYSTEMBUSDIR='/usr/share/dbus-1/system-services'
DEFS='-DHAVE_CONFIG_H'
DEPDIR='.deps'
DEPRECATED_FALSE=''
DEPRECATED_TRUE='#'
DLLTOOL='false'
DSYMUTIL=''
DUMPBIN=''
ECHO_C=''
ECHO_N='-n'
ECHO_T=''
EGREP='/usr/bin/grep -E'
ELL_CFLAGS=''
ELL_LIBS=''
ETAGS='etags'
EXEEXT=''
EXPERIMENTAL_FALSE='#'
EXPERIMENTAL_TRUE=''
EXTERNAL_ELL_FALSE='#'
EXTERNAL_ELL_TRUE=''
FGREP='/usr/bin/grep -F'
FILECMD='file'
GLIB_CFLAGS='-I/usr/include/glib-2.0 -I/usr/lib/arm-linux-gnueabihf/glib-2.0/include'
GLIB_LIBS='-lglib-2.0'
GREP='/usr/bin/grep'
GTHREAD_CFLAGS=''
GTHREAD_LIBS=''
HEALTH_FALSE=''
HEALTH_TRUE='#'
HID2HCI_FALSE=''
HID2HCI_TRUE='#'
HID_FALSE='#'
HID_TRUE=''
HOG_FALSE='#'
HOG_TRUE=''
ICAL_CFLAGS=''
ICAL_LIBS='-lical -licalss -licalvcal'
INSTALL_DATA='${INSTALL} -m 644'
INSTALL_PROGRAM='${INSTALL}'
INSTALL_SCRIPT='${INSTALL}'
INSTALL_STRIP_PROGRAM='$(install_sh) -c -s'
JSONC_CFLAGS=''
JSONC_LIBS=''
JSON_CFLAGS=''
JSON_LIBS=''
LD='/usr/bin/ld'
LDFLAGS=''
LIBEBOOK_CFLAGS=''
LIBEBOOK_LIBS=''
LIBEDATESERVER_CFLAGS=''
LIBEDATESERVER_LIBS=''
LIBOBJS=''
LIBRARY_FALSE=''
LIBRARY_TRUE='#'
LIBS=''
LIBSHARED_ELL_FALSE=''
LIBSHARED_ELL_TRUE='#'
LIBTOOL='$(SHELL) $(top_builddir)/libtool'
LIPO=''
LN_S='ln -s'
LOGGER_FALSE=''
LOGGER_TRUE='#'
LTLIBOBJS=''
LT_SYS_LIBRARY_PATH=''
MAINT='#'
MAINTAINER_MODE_FALSE=''
MAINTAINER_MODE_TRUE='#'
MAKEINFO='${SHELL} '\''/home/pi/Downloads/bluez-5.66/missing'\'' makeinfo'
MANIFEST_TOOL=':'
MANPAGES_FALSE='#'
MANPAGES_TRUE=''
MCP_FALSE='#'
MCP_TRUE=''
MESH_FALSE=''
MESH_STORAGEDIR='/var/lib/bluetooth/mesh'
MESH_TRUE='#'
MIDI_FALSE=''
MIDI_TRUE='#'
MISC_CFLAGS=''
MISC_LDFLAGS=''
MKDIR_P='/usr/bin/mkdir -p'
MONITOR_FALSE='#'
MONITOR_TRUE=''
NETWORK_FALSE='#'
NETWORK_TRUE=''
NFC_FALSE=''
NFC_TRUE='#'
NM='/usr/bin/nm -B'
NMEDIT=''
OBEX_FALSE='#'
OBEX_TRUE=''
OBJDUMP='objdump'
OBJEXT='o'
OTOOL64=''
OTOOL=''
PACKAGE='bluez'
PACKAGE_BUGREPORT=''
PACKAGE_NAME='bluez'
PACKAGE_STRING='bluez 5.66'
PACKAGE_TARNAME='bluez'
PACKAGE_URL=''
PACKAGE_VERSION='5.66'
PATH_SEPARATOR=':'
PKG_CONFIG='/usr/bin/pkg-config'
PKG_CONFIG_LIBDIR=''
PKG_CONFIG_PATH=''
PLUGIN_PHONEBOOK='dummy'
RANLIB='ranlib'
READLINE_FALSE='#'
READLINE_TRUE=''
RST2MAN='rst2man'
RUN_RST2MAN_FALSE='#'
RUN_RST2MAN_TRUE=''
SAP_FALSE=''
SAP_TRUE='#'
SBC_CFLAGS=''
SBC_LIBS=''
SED='/usr/bin/sed'
SET_MAKE=''
SHELL='/bin/bash'
SIXAXIS_FALSE=''
SIXAXIS_TRUE='#'
SPEEXDSP_CFLAGS=''
SPEEXDSP_LIBS=''
STRIP='strip'
SYSTEMD_FALSE='#'
SYSTEMD_SYSTEMUNITDIR='/lib/systemd/system'
SYSTEMD_TRUE=''
SYSTEMD_USERUNITDIR='/usr/lib/systemd/user'
TESTING_FALSE=''
TESTING_TRUE='#'
TEST_FALSE=''
TEST_TRUE='#'
TOOLS_FALSE='#'
TOOLS_TRUE=''
UDEV_CFLAGS=''
UDEV_DIR='/lib/udev'
UDEV_FALSE='#'
UDEV_LIBS='-ludev'
UDEV_TRUE=''
VALGRIND_FALSE=''
VALGRIND_TRUE='#'
VCP_FALSE='#'
VCP_TRUE=''
VERSION='5.66'
WARNING_CFLAGS=''
ZSH_COMPLETIONDIR='${prefix}/share/zsh/site-functions'
ZSH_COMPLETIONS_FALSE='#'
ZSH_COMPLETIONS_TRUE=''
ac_ct_AR='ar'
ac_ct_CC='gcc'
ac_ct_DUMPBIN=''
am__EXEEXT_FALSE=''
am__EXEEXT_TRUE='#'
am__fastdepCC_FALSE='#'
am__fastdepCC_TRUE=''
am__include='include'
am__isrc=''
am__leading_dot='.'
am__nodep='_no'
am__quote=''
am__tar='tar --format=posix -chf - "$$tardir"'
am__untar='tar -xf -'
bindir='${exec_prefix}/bin'
build='armv6l-unknown-linux-gnueabihf'
build_alias=''
build_cpu='armv6l'
build_os='linux-gnueabihf'
build_vendor='unknown'
datadir='${datarootdir}'
datarootdir='${prefix}/share'
docdir='${datarootdir}/doc/${PACKAGE_TARNAME}'
dvidir='${docdir}'
enable_coverage=''
enable_dbus_run_session=''
enable_valgrind=''
exec_prefix='${prefix}'
host='armv6l-unknown-linux-gnueabihf'
host_alias=''
host_cpu='armv6l'
host_os='linux-gnueabihf'
host_vendor='unknown'
htmldir='${docdir}'
includedir='${prefix}/include'
infodir='${datarootdir}/info'
install_sh='${SHELL} /home/pi/Downloads/bluez-5.66/install-sh'
libdir='${exec_prefix}/lib'
libexecdir='${exec_prefix}/libexec'
localedir='${datarootdir}/locale'
localstatedir='/var'
mandir='/usr/share/man'
mkdir_p='$(MKDIR_P)'
oldincludedir='/usr/include'
pdfdir='${docdir}'
prefix='/usr'
program_transform_name='s,x,x,'
psdir='${docdir}'
runstatedir='${localstatedir}/run'
sbindir='${exec_prefix}/sbin'
sharedstatedir='${prefix}/com'
sysconfdir='/etc'
target_alias=''

## ----------- ##
## confdefs.h. ##
## ----------- ##

/* confdefs.h */
#define PACKAGE_NAME "bluez"
#define PACKAGE_TARNAME "bluez"
#define PACKAGE_VERSION "5.66"
#define PACKAGE_STRING "bluez 5.66"
#define PACKAGE_BUGREPORT ""
#define PACKAGE_URL ""
#define PACKAGE "bluez"
#define VERSION "5.66"
#define restrict __restrict__
#define HAVE_STDIO_H 1
#define HAVE_STDLIB_H 1
#define HAVE_STRING_H 1
#define HAVE_INTTYPES_H 1
#define HAVE_STDINT_H 1
#define HAVE_STRINGS_H 1
#define HAVE_SYS_STAT_H 1
#define HAVE_SYS_TYPES_H 1
#define HAVE_UNISTD_H 1
#define STDC_HEADERS 1
#define HAVE_DLFCN_H 1
#define LT_OBJDIR ".libs/"
#define HAVE_EXPLICIT_BZERO 1
#define HAVE_GETRANDOM 1
#define HAVE_RAWMEMCHR 1
#define HAVE_LINUX_TYPES_H 1
#define HAVE_LINUX_IF_ALG_H 1
#define HAVE_LINUX_UINPUT_H 1
#define HAVE_LINUX_UHID_H 1
#define HAVE_SYS_RANDOM_H 1
#define HAVE_UDEV_HWDB_NEW 1
#define HAVE_READLINE_READLINE_H 1
#define STORAGEDIR "/var/lib/bluetooth"
#define CONFIGDIR "/etc/bluetooth"
#define MESH_STORAGEDIR "/var/lib/bluetooth/mesh"
#define ANDROID_STORAGEDIR "/var/lib/bluetooth/android"

configure: exit 0
